<?xml version="1.0" encoding="UTF-8"?>
<testsuite xmlns:xsi="http://www.w3.org/2001/XMLSchema-instance" xsi:noNamespaceSchemaLocation="https://maven.apache.org/surefire/maven-surefire-plugin/xsd/surefire-test-report.xsd" name="cucumberOptions.TestRunner2" time="0.27" tests="5" errors="0" skipped="0" failures="0">
  <properties>
[...]
</properties>
  <testcase name="Home page default login" classname="Application Login #2" time="0.113"/>
  <testcase name="Home page default login multiple inputs #1" classname="Application Login #2" time="0.018"/>
  <testcase name="Home page default login multiple inputs #2" classname="Application Login #2" time="0.006"/>
  <testcase name="Home page default login multiple inputs #3" classname="Application Login #2" time="0.027"/>
  <testcase name="Home page default login multiple inputs #4" classname="Application Login #2" time="0.018"/>
</testsuite>